[INFO] [controller]: loading app ryu_test.py
[INFO] [controller]: loading app ryu.controller.ofp_handler
[INFO] [controller]: instantiating app ryu_test.py of Simple
[INFO] [controller]: instantiating app ryu.controller.ofp_handler of OFPHandler
[DEBUG] [controller]: BRICK Simple
[DEBUG] [controller]:   CONSUMES EventOFPSwitchFeatures
[DEBUG] [controller]:   CONSUMES EventOFPPacketIn
[DEBUG] [controller]: BRICK ofp_event
[DEBUG] [controller]:   PROVIDES EventOFPSwitchFeatures TO {'Simple': set(['config'])}
[DEBUG] [controller]:   PROVIDES EventOFPPacketIn TO {'Simple': set(['main'])}
[DEBUG] [controller]:   CONSUMES EventOFPSwitchFeatures
[DEBUG] [controller]:   CONSUMES EventOFPPortDescStatsReply
[DEBUG] [controller]:   CONSUMES EventOFPErrorMsg
[DEBUG] [controller]:   CONSUMES EventOFPHello
[DEBUG] [controller]:   CONSUMES EventOFPEchoRequest
[DEBUG] [controller]: connected socket:<eventlet.greenio.GreenSocket object at 0x335ab50> address:('127.0.0.1', 38702)
[DEBUG] [controller]: hello ev <ryu.controller.ofp_event.EventOFPHello object at 0x335af10>
[DEBUG] [controller]: move onto config mode
[DEBUG] [controller]: EVENT ofp_event->Simple EventOFPSwitchFeatures
[DEBUG] [controller]: switch features ev version: 0x4 msg_type 0x6 xid 0x38940ec1 OFPSwitchFeatures(auxiliary_id=0,capabilities=71,datapath_id=56059246789446,n_buffers=256,n_tables=254)
[DEBUG] [controller]: move onto main mode
[DEBUG] [controller]: connected socket:<eventlet.greenio.GreenSocket object at 0x335ac10> address:('127.0.0.1', 38718)
[DEBUG] [controller]: connected socket:<eventlet.greenio.GreenSocket object at 0x335ab90> address:('127.0.0.1', 38719)
[DEBUG] [controller]: hello ev <ryu.controller.ofp_event.EventOFPHello object at 0x33614d0>
[ERROR] [controller]: unsupported version 0x1. If possible, set the switch to use one of the versions [4]
[DEBUG] [controller]: error msg ev version: 0x4 msg_type 0x1 xid 0x8d31d216 OFPErrorMsg(code=1,data='\x04\x01\x00_\x8d1\xd2\x16\x00\x00\x00\x00unsupported version 0x1. If possible, set the switch',type=1) type 0x1 code 0x1 0x4 0x1 0x0 0x5f 0x8d 0x31 0xd2 0x16 0x0 0x0 0x0 0x0 0x75 0x6e 0x73 0x75 0x70 0x70 0x6f 0x72 0x74 0x65 0x64 0x20 0x76 0x65 0x72 0x73 0x69 0x6f 0x6e 0x20 0x30 0x78 0x31 0x2e 0x20 0x49 0x66 0x20 0x70 0x6f 0x73 0x73 0x69 0x62 0x6c 0x65 0x2c 0x20 0x73 0x65 0x74 0x20 0x74 0x68 0x65 0x20 0x73 0x77 0x69 0x74 0x63 0x68
[DEBUG] [controller]: connected socket:<eventlet.greenio.GreenSocket object at 0x335ae10> address:('127.0.0.1', 38720)
[DEBUG] [controller]: hello ev <ryu.controller.ofp_event.EventOFPHello object at 0x3361350>
[DEBUG] [controller]: move onto config mode
[DEBUG] [controller]: EVENT ofp_event->Simple EventOFPSwitchFeatures
[DEBUG] [controller]: switch features ev version: 0x4 msg_type 0x6 xid 0xe2752629 OFPSwitchFeatures(auxiliary_id=0,capabilities=71,datapath_id=59861710545222,n_buffers=256,n_tables=254)
[DEBUG] [controller]: move onto main mode
[DEBUG] [controller]: EVENT ofp_event->Simple EventOFPPacketIn
[INFO] [controller]: packet in 59861710545222 00:1e:65:15:fc:01 33:33:ff:15:fc:01 1
[INFO] [controller]: other

[DEBUG] [controller]: EVENT ofp_event->Simple EventOFPPacketIn
[INFO] [controller]: packet in 59861710545222 36:71:a3:fe:21:46 33:33:ff:3a:77:df 4294967294
[INFO] [controller]: other

[DEBUG] [controller]: EVENT ofp_event->Simple EventOFPPacketIn
[INFO] [controller]: packet in 59861710545222 00:1e:65:15:fc:02 33:33:ff:15:fc:02 2
[INFO] [controller]: other

[DEBUG] [controller]: EVENT ofp_event->Simple EventOFPPacketIn
[DEBUG] [controller]: EVENT ofp_event->Simple EventOFPPacketIn
[INFO] [controller]: packet in 59861710545222 00:1e:65:15:fc:01 33:33:00:00:00:16 1
[INFO] [controller]: other

[INFO] [controller]: packet in 59861710545222 00:1e:65:15:fc:01 33:33:00:00:00:02 1
[INFO] [controller]: other

[DEBUG] [controller]: EVENT ofp_event->Simple EventOFPPacketIn
[DEBUG] [controller]: EVENT ofp_event->Simple EventOFPPacketIn
[INFO] [controller]: packet in 59861710545222 36:71:a3:fe:21:46 33:33:00:00:00:16 4294967294
[INFO] [controller]: other

[INFO] [controller]: packet in 59861710545222 36:71:a3:fe:21:46 33:33:00:00:00:02 4294967294
[INFO] [controller]: other

[DEBUG] [controller]: EVENT ofp_event->Simple EventOFPPacketIn
[DEBUG] [controller]: EVENT ofp_event->Simple EventOFPPacketIn
[INFO] [controller]: packet in 59861710545222 00:1e:65:15:fc:02 33:33:00:00:00:16 2
[INFO] [controller]: other

[INFO] [controller]: packet in 59861710545222 00:1e:65:15:fc:02 33:33:00:00:00:02 2
[INFO] [controller]: other

[DEBUG] [controller]: EVENT ofp_event->Simple EventOFPPacketIn
[INFO] [controller]: packet in 59861710545222 00:1e:65:15:fc:01 33:33:00:00:00:16 1
[INFO] [controller]: other

[DEBUG] [controller]: EVENT ofp_event->Simple EventOFPPacketIn
[INFO] [controller]: packet in 59861710545222 36:71:a3:fe:21:46 33:33:00:00:00:16 4294967294
[INFO] [controller]: other

[DEBUG] [controller]: EVENT ofp_event->Simple EventOFPPacketIn
[INFO] [controller]: packet in 59861710545222 00:1e:65:15:fc:02 33:33:00:00:00:16 2
[INFO] [controller]: other

[DEBUG] [controller]: EVENT ofp_event->Simple EventOFPPacketIn
[INFO] [controller]: packet in 59861710545222 00:1e:65:15:fc:02 33:33:00:00:00:16 2
[INFO] [controller]: other

[DEBUG] [controller]: EVENT ofp_event->Simple EventOFPPacketIn
[INFO] [controller]: packet in 59861710545222 00:1e:65:15:fc:01 33:33:00:00:00:02 1
[INFO] [controller]: other

[DEBUG] [controller]: EVENT ofp_event->Simple EventOFPPacketIn
[INFO] [controller]: packet in 59861710545222 36:71:a3:fe:21:46 33:33:00:00:00:02 4294967294
[INFO] [controller]: other

[DEBUG] [controller]: EVENT ofp_event->Simple EventOFPPacketIn
[INFO] [controller]: packet in 59861710545222 00:1e:65:15:fc:02 33:33:00:00:00:02 2
[INFO] [controller]: other

[DEBUG] [controller]: EVENT ofp_event->Simple EventOFPPacketIn
[INFO] [controller]: packet in 59861710545222 36:71:a3:fe:21:46 33:33:00:00:00:16 4294967294
[INFO] [controller]: other

[DEBUG] [controller]: EVENT ofp_event->Simple EventOFPPacketIn
[INFO] [controller]: packet in 59861710545222 00:1e:65:15:fc:01 33:33:00:00:00:16 1
[INFO] [controller]: other

[DEBUG] [controller]: EVENT ofp_event->Simple EventOFPPacketIn
[INFO] [controller]: packet in 59861710545222 00:1e:65:15:fc:01 33:33:00:00:00:02 1
[INFO] [controller]: other

[DEBUG] [controller]: EVENT ofp_event->Simple EventOFPPacketIn
[INFO] [controller]: packet in 59861710545222 36:71:a3:fe:21:46 33:33:00:00:00:02 4294967294
[INFO] [controller]: other

[DEBUG] [controller]: EVENT ofp_event->Simple EventOFPPacketIn
[INFO] [controller]: packet in 59861710545222 00:1e:65:15:fc:02 33:33:00:00:00:02 2
[INFO] [controller]: other

[DEBUG] [controller]: EVENT ofp_event->Simple EventOFPPacketIn
[INFO] [controller]: packet in 59861710545222 00:1e:65:15:fc:01 ff:ff:ff:ff:ff:ff 1
[INFO] [controller]: dst mac=00:1e:65:15:fc:02, dst ip=192.168.0.2, arp hit
[INFO] [controller]: send arp pkt:
ethernet(dst='00:1e:65:15:fc:01',ethertype=2054,src='00:1e:65:15:fc:02'), arp(dst_ip='192.168.0.1',dst_mac='00:1e:65:15:fc:01',hlen=6,hwtype=1,opcode=2,plen=4,proto=2048,src_ip='192.168.0.2',src_mac='00:1e:65:15:fc:02')
[DEBUG] [controller]: EVENT ofp_event->Simple EventOFPPacketIn
[INFO] [controller]: packet in 59861710545222 00:1e:65:15:fc:01 00:1e:65:15:fc:02 1
[INFO] [controller]: other

[DEBUG] [controller]: EVENT ofp_event->Simple EventOFPPacketIn
[INFO] [controller]: packet in 59861710545222 00:1e:65:15:fc:02 ff:ff:ff:ff:ff:ff 2
[INFO] [controller]: dst mac=00:1e:65:15:fc:01, dst ip=192.168.0.1, arp hit
[INFO] [controller]: send arp pkt:
ethernet(dst='00:1e:65:15:fc:02',ethertype=2054,src='00:1e:65:15:fc:01'), arp(dst_ip='192.168.0.2',dst_mac='00:1e:65:15:fc:02',hlen=6,hwtype=1,opcode=2,plen=4,proto=2048,src_ip='192.168.0.1',src_mac='00:1e:65:15:fc:01')
[DEBUG] [controller]: EVENT ofp_event->Simple EventOFPPacketIn
[INFO] [controller]: packet in 59861710545222 00:1e:65:15:fc:02 00:1e:65:15:fc:01 2
[INFO] [controller]: other

[DEBUG] [controller]: connected socket:<eventlet.greenio.GreenSocket object at 0x335aed0> address:('127.0.0.1', 39180)
[DEBUG] [controller]: hello ev <ryu.controller.ofp_event.EventOFPHello object at 0x33618d0>
[DEBUG] [controller]: move onto config mode
[DEBUG] [controller]: EVENT ofp_event->Simple EventOFPSwitchFeatures
[DEBUG] [controller]: switch features ev version: 0x4 msg_type 0x6 xid 0x2d082aef OFPSwitchFeatures(auxiliary_id=0,capabilities=71,datapath_id=267072804544324,n_buffers=256,n_tables=254)
[DEBUG] [controller]: move onto main mode
[DEBUG] [controller]: EVENT ofp_event->Simple EventOFPPacketIn
[INFO] [controller]: packet in 267072804544324 f2:e6:bb:a4:df:44 33:33:ff:15:46:33 4294967294
[INFO] [controller]: other

[DEBUG] [controller]: EVENT ofp_event->Simple EventOFPPacketIn
[DEBUG] [controller]: EVENT ofp_event->Simple EventOFPPacketIn
[INFO] [controller]: packet in 267072804544324 f2:e6:bb:a4:df:44 33:33:00:00:00:16 4294967294
[INFO] [controller]: other

[INFO] [controller]: packet in 267072804544324 f2:e6:bb:a4:df:44 33:33:00:00:00:02 4294967294
[INFO] [controller]: other

[DEBUG] [controller]: EVENT ofp_event->Simple EventOFPPacketIn
[INFO] [controller]: packet in 267072804544324 f2:e6:bb:a4:df:44 33:33:00:00:00:16 4294967294
[INFO] [controller]: other

[DEBUG] [controller]: EVENT ofp_event->Simple EventOFPPacketIn
[INFO] [controller]: packet in 267072804544324 f2:e6:bb:a4:df:44 33:33:00:00:00:02 4294967294
[INFO] [controller]: other

[DEBUG] [controller]: EVENT ofp_event->Simple EventOFPPacketIn
[INFO] [controller]: packet in 267072804544324 f2:e6:bb:a4:df:44 33:33:00:00:00:02 4294967294
[INFO] [controller]: other

[DEBUG] [controller]: EVENT ofp_event->Simple EventOFPPacketIn
[INFO] [controller]: packet in 267072804544324 f2:e6:bb:a4:df:44 33:33:00:00:00:16 4294967294
[INFO] [controller]: other

[DEBUG] [controller]: connected socket:<eventlet.greenio.GreenSocket object at 0x335add0> address:('127.0.0.1', 39183)
[DEBUG] [controller]: hello ev <ryu.controller.ofp_event.EventOFPHello object at 0x3361510>
[DEBUG] [controller]: move onto config mode
[DEBUG] [controller]: EVENT ofp_event->Simple EventOFPSwitchFeatures
[DEBUG] [controller]: switch features ev version: 0x4 msg_type 0x6 xid 0x27d089c OFPSwitchFeatures(auxiliary_id=0,capabilities=71,datapath_id=267072804544324,n_buffers=256,n_tables=254)
[DEBUG] [controller]: move onto main mode
[INFO] [controller]: loading app ryu_test.py
[INFO] [controller]: loading app ryu.controller.ofp_handler
[INFO] [controller]: instantiating app ryu_test.py of Simple
[INFO] [controller]: instantiating app ryu.controller.ofp_handler of OFPHandler
[DEBUG] [controller]: BRICK Simple
[DEBUG] [controller]:   CONSUMES EventOFPSwitchFeatures
[DEBUG] [controller]:   CONSUMES EventOFPPacketIn
[DEBUG] [controller]: BRICK ofp_event
[DEBUG] [controller]:   PROVIDES EventOFPSwitchFeatures TO {'Simple': set(['config'])}
[DEBUG] [controller]:   PROVIDES EventOFPPacketIn TO {'Simple': set(['main'])}
[DEBUG] [controller]:   CONSUMES EventOFPErrorMsg
[DEBUG] [controller]:   CONSUMES EventOFPHello
[DEBUG] [controller]:   CONSUMES EventOFPSwitchFeatures
[DEBUG] [controller]:   CONSUMES EventOFPPortDescStatsReply
[DEBUG] [controller]:   CONSUMES EventOFPEchoRequest
[DEBUG] [controller]: connected socket:<eventlet.greenio.GreenSocket object at 0x25fdb50> address:('127.0.0.1', 39271)
[INFO] [controller]: loading app ryu_test.py
[INFO] [controller]: loading app ryu.controller.ofp_handler
[INFO] [controller]: instantiating app ryu_test.py of Simple
[INFO] [controller]: instantiating app ryu.controller.ofp_handler of OFPHandler
[DEBUG] [controller]: BRICK Simple
[DEBUG] [controller]:   CONSUMES EventOFPPacketIn
[DEBUG] [controller]:   CONSUMES EventOFPSwitchFeatures
[DEBUG] [controller]: BRICK ofp_event
[DEBUG] [controller]:   PROVIDES EventOFPPacketIn TO {'Simple': set(['main'])}
[DEBUG] [controller]:   PROVIDES EventOFPSwitchFeatures TO {'Simple': set(['config'])}
[DEBUG] [controller]:   CONSUMES EventOFPSwitchFeatures
[DEBUG] [controller]:   CONSUMES EventOFPEchoRequest
[DEBUG] [controller]:   CONSUMES EventOFPHello
[DEBUG] [controller]:   CONSUMES EventOFPErrorMsg
[DEBUG] [controller]:   CONSUMES EventOFPPortDescStatsReply
[DEBUG] [controller]: connected socket:<eventlet.greenio.GreenSocket object at 0x3908ad0> address:('127.0.0.1', 39561)
[DEBUG] [controller]: connected socket:<eventlet.greenio.GreenSocket object at 0x3908b90> address:('127.0.0.1', 39562)
[DEBUG] [controller]: hello ev <ryu.controller.ofp_event.EventOFPHello object at 0x3908e90>
[ERROR] [controller]: unsupported version 0x1. If possible, set the switch to use one of the versions [4]
[DEBUG] [controller]: error msg ev version: 0x4 msg_type 0x1 xid 0x9560063a OFPErrorMsg(code=1,data='\x04\x01\x00_\x95`\x06:\x00\x00\x00\x00unsupported version 0x1. If possible, set the switch',type=1) type 0x1 code 0x1 0x4 0x1 0x0 0x5f 0x95 0x60 0x6 0x3a 0x0 0x0 0x0 0x0 0x75 0x6e 0x73 0x75 0x70 0x70 0x6f 0x72 0x74 0x65 0x64 0x20 0x76 0x65 0x72 0x73 0x69 0x6f 0x6e 0x20 0x30 0x78 0x31 0x2e 0x20 0x49 0x66 0x20 0x70 0x6f 0x73 0x73 0x69 0x62 0x6c 0x65 0x2c 0x20 0x73 0x65 0x74 0x20 0x74 0x68 0x65 0x20 0x73 0x77 0x69 0x74 0x63 0x68
[DEBUG] [controller]: connected socket:<eventlet.greenio.GreenSocket object at 0x3908890> address:('127.0.0.1', 39563)
[DEBUG] [controller]: hello ev <ryu.controller.ofp_event.EventOFPHello object at 0x3908ed0>
[DEBUG] [controller]: move onto config mode
[DEBUG] [controller]: EVENT ofp_event->Simple EventOFPSwitchFeatures
[DEBUG] [controller]: switch features ev version: 0x4 msg_type 0x6 xid 0xefd526c3 OFPSwitchFeatures(auxiliary_id=0,capabilities=71,datapath_id=235777741242690,n_buffers=256,n_tables=254)
[DEBUG] [controller]: move onto main mode
[DEBUG] [controller]: EVENT ofp_event->Simple EventOFPPacketIn
[INFO] [controller]: packet in 235777741242690 d6:70:48:83:41:42 33:33:ff:2c:a6:f5 4294967294
[INFO] [controller]: other

[DEBUG] [controller]: EVENT ofp_event->Simple EventOFPPacketIn
[INFO] [controller]: packet in 235777741242690 00:1e:65:15:fc:01 33:33:ff:15:fc:01 1
[INFO] [controller]: other

[DEBUG] [controller]: EVENT ofp_event->Simple EventOFPPacketIn
[INFO] [controller]: packet in 235777741242690 00:1e:65:15:fc:02 33:33:ff:15:fc:02 2
[INFO] [controller]: other

[DEBUG] [controller]: EVENT ofp_event->Simple EventOFPPacketIn
[DEBUG] [controller]: EVENT ofp_event->Simple EventOFPPacketIn
[INFO] [controller]: packet in 235777741242690 d6:70:48:83:41:42 33:33:00:00:00:16 4294967294
[INFO] [controller]: other

[INFO] [controller]: packet in 235777741242690 d6:70:48:83:41:42 33:33:00:00:00:02 4294967294
[INFO] [controller]: other

[DEBUG] [controller]: EVENT ofp_event->Simple EventOFPPacketIn
[DEBUG] [controller]: EVENT ofp_event->Simple EventOFPPacketIn
[INFO] [controller]: packet in 235777741242690 00:1e:65:15:fc:01 33:33:00:00:00:16 1
[INFO] [controller]: other

[INFO] [controller]: packet in 235777741242690 00:1e:65:15:fc:01 33:33:00:00:00:02 1
[INFO] [controller]: other

[DEBUG] [controller]: EVENT ofp_event->Simple EventOFPPacketIn
[DEBUG] [controller]: EVENT ofp_event->Simple EventOFPPacketIn
[INFO] [controller]: packet in 235777741242690 00:1e:65:15:fc:02 33:33:00:00:00:16 2
[INFO] [controller]: other

[INFO] [controller]: packet in 235777741242690 00:1e:65:15:fc:02 33:33:00:00:00:02 2
[INFO] [controller]: other

[DEBUG] [controller]: EVENT ofp_event->Simple EventOFPPacketIn
[INFO] [controller]: packet in 235777741242690 00:1e:65:15:fc:02 33:33:00:00:00:16 2
[INFO] [controller]: other

[DEBUG] [controller]: EVENT ofp_event->Simple EventOFPPacketIn
[INFO] [controller]: packet in 235777741242690 00:1e:65:15:fc:01 33:33:00:00:00:16 1
[INFO] [controller]: other

[DEBUG] [controller]: EVENT ofp_event->Simple EventOFPPacketIn
[INFO] [controller]: packet in 235777741242690 00:1e:65:15:fc:01 33:33:00:00:00:16 1
[INFO] [controller]: other

[DEBUG] [controller]: EVENT ofp_event->Simple EventOFPPacketIn
[INFO] [controller]: packet in 235777741242690 d6:70:48:83:41:42 33:33:00:00:00:02 4294967294
[INFO] [controller]: other

[DEBUG] [controller]: EVENT ofp_event->Simple EventOFPPacketIn
[INFO] [controller]: packet in 235777741242690 00:1e:65:15:fc:01 33:33:00:00:00:02 1
[INFO] [controller]: other

[DEBUG] [controller]: EVENT ofp_event->Simple EventOFPPacketIn
[INFO] [controller]: packet in 235777741242690 00:1e:65:15:fc:02 33:33:00:00:00:02 2
[INFO] [controller]: other

[DEBUG] [controller]: EVENT ofp_event->Simple EventOFPPacketIn
[INFO] [controller]: packet in 235777741242690 d6:70:48:83:41:42 33:33:00:00:00:16 4294967294
[INFO] [controller]: other

[DEBUG] [controller]: EVENT ofp_event->Simple EventOFPPacketIn
[INFO] [controller]: packet in 235777741242690 00:1e:65:15:fc:02 33:33:00:00:00:16 2
[INFO] [controller]: other

[DEBUG] [controller]: EVENT ofp_event->Simple EventOFPPacketIn
[INFO] [controller]: packet in 235777741242690 d6:70:48:83:41:42 33:33:00:00:00:02 4294967294
[INFO] [controller]: other

[DEBUG] [controller]: EVENT ofp_event->Simple EventOFPPacketIn
[INFO] [controller]: packet in 235777741242690 d6:70:48:83:41:42 33:33:00:00:00:16 4294967294
[INFO] [controller]: other

[DEBUG] [controller]: EVENT ofp_event->Simple EventOFPPacketIn
[INFO] [controller]: packet in 235777741242690 00:1e:65:15:fc:01 33:33:00:00:00:02 1
[INFO] [controller]: other

[DEBUG] [controller]: EVENT ofp_event->Simple EventOFPPacketIn
[INFO] [controller]: packet in 235777741242690 00:1e:65:15:fc:02 33:33:00:00:00:02 2
[INFO] [controller]: other

[DEBUG] [controller]: EVENT ofp_event->Simple EventOFPPacketIn
[INFO] [controller]: packet in 235777741242690 00:1e:65:15:fc:01 ff:ff:ff:ff:ff:ff 1
[INFO] [controller]: dst mac=00:1e:65:15:fc:02, dst ip=192.168.0.2, arp hit
[DEBUG] [controller]: EVENT ofp_event->Simple EventOFPPacketIn
[INFO] [controller]: packet in 235777741242690 00:1e:65:15:fc:01 ff:ff:ff:ff:ff:ff 1
[INFO] [controller]: dst mac=00:1e:65:15:fc:02, dst ip=192.168.0.2, arp hit
[DEBUG] [controller]: EVENT ofp_event->Simple EventOFPPacketIn
[INFO] [controller]: packet in 235777741242690 00:1e:65:15:fc:01 ff:ff:ff:ff:ff:ff 1
[INFO] [controller]: dst mac=00:1e:65:15:fc:02, dst ip=192.168.0.2, arp hit
[DEBUG] [controller]: EVENT ofp_event->Simple EventOFPPacketIn
[INFO] [controller]: packet in 235777741242690 00:1e:65:15:fc:01 ff:ff:ff:ff:ff:ff 1
[INFO] [controller]: dst mac=00:1e:65:15:fc:02, dst ip=192.168.0.2, arp hit
[DEBUG] [controller]: EVENT ofp_event->Simple EventOFPPacketIn
[INFO] [controller]: packet in 235777741242690 00:1e:65:15:fc:01 ff:ff:ff:ff:ff:ff 1
[INFO] [controller]: dst mac=00:1e:65:15:fc:02, dst ip=192.168.0.2, arp hit
[DEBUG] [controller]: EVENT ofp_event->Simple EventOFPPacketIn
[INFO] [controller]: packet in 235777741242690 00:1e:65:15:fc:01 ff:ff:ff:ff:ff:ff 1
[INFO] [controller]: dst mac=00:1e:65:15:fc:02, dst ip=192.168.0.2, arp hit
[DEBUG] [controller]: EVENT ofp_event->Simple EventOFPPacketIn
[DEBUG] [controller]: EVENT ofp_event->Simple EventOFPPacketIn
[INFO] [controller]: packet in 235777741242690 00:1e:65:15:fc:01 ff:ff:ff:ff:ff:ff 1
[INFO] [controller]: dst mac=00:1e:65:15:fc:02, dst ip=192.168.0.2, arp hit
[INFO] [controller]: packet in 235777741242690 00:1e:65:15:fc:01 ff:ff:ff:ff:ff:ff 1
[INFO] [controller]: dst mac=00:1e:65:15:fc:02, dst ip=192.168.0.2, arp hit
[DEBUG] [controller]: EVENT ofp_event->Simple EventOFPPacketIn
[INFO] [controller]: packet in 235777741242690 00:1e:65:15:fc:01 ff:ff:ff:ff:ff:ff 1
[INFO] [controller]: dst mac=00:1e:65:15:fc:02, dst ip=192.168.0.2, arp hit
[DEBUG] [controller]: EVENT ofp_event->Simple EventOFPPacketIn
[INFO] [controller]: packet in 235777741242690 00:1e:65:15:fc:01 ff:ff:ff:ff:ff:ff 1
[INFO] [controller]: dst mac=00:1e:65:15:fc:02, dst ip=192.168.0.2, arp hit
[DEBUG] [controller]: EVENT ofp_event->Simple EventOFPPacketIn
[INFO] [controller]: packet in 235777741242690 00:1e:65:15:fc:01 ff:ff:ff:ff:ff:ff 1
[INFO] [controller]: dst mac=00:1e:65:15:fc:02, dst ip=192.168.0.2, arp hit
[DEBUG] [controller]: EVENT ofp_event->Simple EventOFPPacketIn
[INFO] [controller]: packet in 235777741242690 00:1e:65:15:fc:01 ff:ff:ff:ff:ff:ff 1
[INFO] [controller]: dst mac=00:1e:65:15:fc:02, dst ip=192.168.0.2, arp hit
[DEBUG] [controller]: EVENT ofp_event->Simple EventOFPPacketIn
[INFO] [controller]: packet in 235777741242690 00:1e:65:15:fc:01 ff:ff:ff:ff:ff:ff 1
[INFO] [controller]: dst mac=00:1e:65:15:fc:02, dst ip=192.168.0.2, arp hit
[DEBUG] [controller]: EVENT ofp_event->Simple EventOFPPacketIn
[INFO] [controller]: packet in 235777741242690 00:1e:65:15:fc:01 ff:ff:ff:ff:ff:ff 1
[INFO] [controller]: dst mac=00:1e:65:15:fc:02, dst ip=192.168.0.2, arp hit
[DEBUG] [controller]: EVENT ofp_event->Simple EventOFPPacketIn
[INFO] [controller]: packet in 235777741242690 00:1e:65:15:fc:01 ff:ff:ff:ff:ff:ff 1
[INFO] [controller]: dst mac=00:1e:65:15:fc:02, dst ip=192.168.0.2, arp hit
[DEBUG] [controller]: EVENT ofp_event->Simple EventOFPPacketIn
[INFO] [controller]: packet in 235777741242690 00:1e:65:15:fc:01 ff:ff:ff:ff:ff:ff 1
[INFO] [controller]: dst mac=00:1e:65:15:fc:02, dst ip=192.168.0.2, arp hit
[DEBUG] [controller]: EVENT ofp_event->Simple EventOFPPacketIn
[INFO] [controller]: packet in 235777741242690 00:1e:65:15:fc:01 ff:ff:ff:ff:ff:ff 1
[INFO] [controller]: dst mac=00:1e:65:15:fc:02, dst ip=192.168.0.2, arp hit
[DEBUG] [controller]: EVENT ofp_event->Simple EventOFPPacketIn
[INFO] [controller]: packet in 235777741242690 00:1e:65:15:fc:01 ff:ff:ff:ff:ff:ff 1
[INFO] [controller]: dst mac=00:1e:65:15:fc:02, dst ip=192.168.0.2, arp hit
[DEBUG] [controller]: EVENT ofp_event->Simple EventOFPPacketIn
[DEBUG] [controller]: EVENT ofp_event->Simple EventOFPPacketIn
[INFO] [controller]: packet in 235777741242690 00:1e:65:15:fc:01 ff:ff:ff:ff:ff:ff 1
[INFO] [controller]: dst mac=00:1e:65:15:fc:02, dst ip=192.168.0.2, arp hit
[INFO] [controller]: packet in 235777741242690 00:1e:65:15:fc:01 ff:ff:ff:ff:ff:ff 1
[INFO] [controller]: dst mac=00:1e:65:15:fc:02, dst ip=192.168.0.2, arp hit
[DEBUG] [controller]: EVENT ofp_event->Simple EventOFPPacketIn
[INFO] [controller]: packet in 235777741242690 00:1e:65:15:fc:01 ff:ff:ff:ff:ff:ff 1
[INFO] [controller]: dst mac=00:1e:65:15:fc:02, dst ip=192.168.0.2, arp hit
[DEBUG] [controller]: EVENT ofp_event->Simple EventOFPPacketIn
[INFO] [controller]: packet in 235777741242690 00:1e:65:15:fc:01 ff:ff:ff:ff:ff:ff 1
[INFO] [controller]: dst mac=00:1e:65:15:fc:02, dst ip=192.168.0.2, arp hit
[DEBUG] [controller]: EVENT ofp_event->Simple EventOFPPacketIn
[INFO] [controller]: packet in 235777741242690 00:1e:65:15:fc:01 ff:ff:ff:ff:ff:ff 1
[INFO] [controller]: dst mac=00:1e:65:15:fc:02, dst ip=192.168.0.2, arp hit
[DEBUG] [controller]: EVENT ofp_event->Simple EventOFPPacketIn
[INFO] [controller]: packet in 235777741242690 00:1e:65:15:fc:01 ff:ff:ff:ff:ff:ff 1
[INFO] [controller]: dst mac=00:1e:65:15:fc:02, dst ip=192.168.0.2, arp hit
[DEBUG] [controller]: EVENT ofp_event->Simple EventOFPPacketIn
[INFO] [controller]: packet in 235777741242690 00:1e:65:15:fc:01 ff:ff:ff:ff:ff:ff 1
[INFO] [controller]: dst mac=00:1e:65:15:fc:02, dst ip=192.168.0.2, arp hit
[DEBUG] [controller]: EVENT ofp_event->Simple EventOFPPacketIn
[INFO] [controller]: packet in 235777741242690 00:1e:65:15:fc:01 ff:ff:ff:ff:ff:ff 1
[INFO] [controller]: dst mac=00:1e:65:15:fc:02, dst ip=192.168.0.2, arp hit
[DEBUG] [controller]: EVENT ofp_event->Simple EventOFPPacketIn
[INFO] [controller]: packet in 235777741242690 00:1e:65:15:fc:01 ff:ff:ff:ff:ff:ff 1
[INFO] [controller]: dst mac=00:1e:65:15:fc:02, dst ip=192.168.0.2, arp hit
[DEBUG] [controller]: EVENT ofp_event->Simple EventOFPPacketIn
[DEBUG] [controller]: EVENT ofp_event->Simple EventOFPPacketIn
[INFO] [controller]: packet in 235777741242690 00:1e:65:15:fc:01 ff:ff:ff:ff:ff:ff 1
[INFO] [controller]: dst mac=00:1e:65:15:fc:02, dst ip=192.168.0.2, arp hit
[INFO] [controller]: packet in 235777741242690 00:1e:65:15:fc:01 ff:ff:ff:ff:ff:ff 1
[INFO] [controller]: dst mac=00:1e:65:15:fc:02, dst ip=192.168.0.2, arp hit
[DEBUG] [controller]: EVENT ofp_event->Simple EventOFPPacketIn
[INFO] [controller]: packet in 235777741242690 00:1e:65:15:fc:01 ff:ff:ff:ff:ff:ff 1
[INFO] [controller]: dst mac=00:1e:65:15:fc:02, dst ip=192.168.0.2, arp hit
[DEBUG] [controller]: EVENT ofp_event->Simple EventOFPPacketIn
[INFO] [controller]: packet in 235777741242690 00:1e:65:15:fc:01 ff:ff:ff:ff:ff:ff 1
[INFO] [controller]: dst mac=00:1e:65:15:fc:02, dst ip=192.168.0.2, arp hit
[DEBUG] [controller]: EVENT ofp_event->Simple EventOFPPacketIn
[INFO] [controller]: packet in 235777741242690 00:1e:65:15:fc:01 ff:ff:ff:ff:ff:ff 1
[INFO] [controller]: dst mac=00:1e:65:15:fc:02, dst ip=192.168.0.2, arp hit
[DEBUG] [controller]: EVENT ofp_event->Simple EventOFPPacketIn
[INFO] [controller]: packet in 235777741242690 00:1e:65:15:fc:01 ff:ff:ff:ff:ff:ff 1
[INFO] [controller]: dst mac=00:1e:65:15:fc:02, dst ip=192.168.0.2, arp hit
[DEBUG] [controller]: EVENT ofp_event->Simple EventOFPPacketIn
[INFO] [controller]: packet in 235777741242690 00:1e:65:15:fc:01 ff:ff:ff:ff:ff:ff 1
[INFO] [controller]: dst mac=00:1e:65:15:fc:02, dst ip=192.168.0.2, arp hit
[DEBUG] [controller]: EVENT ofp_event->Simple EventOFPPacketIn
[INFO] [controller]: packet in 235777741242690 00:1e:65:15:fc:01 ff:ff:ff:ff:ff:ff 1
[INFO] [controller]: dst mac=00:1e:65:15:fc:02, dst ip=192.168.0.2, arp hit
[DEBUG] [controller]: EVENT ofp_event->Simple EventOFPPacketIn
[INFO] [controller]: packet in 235777741242690 00:1e:65:15:fc:01 ff:ff:ff:ff:ff:ff 1
[INFO] [controller]: dst mac=00:1e:65:15:fc:02, dst ip=192.168.0.2, arp hit
[DEBUG] [controller]: EVENT ofp_event->Simple EventOFPPacketIn
[INFO] [controller]: packet in 235777741242690 00:1e:65:15:fc:01 ff:ff:ff:ff:ff:ff 1
[INFO] [controller]: dst mac=00:1e:65:15:fc:02, dst ip=192.168.0.2, arp hit
[DEBUG] [controller]: EVENT ofp_event->Simple EventOFPPacketIn
[INFO] [controller]: packet in 235777741242690 00:1e:65:15:fc:01 ff:ff:ff:ff:ff:ff 1
[INFO] [controller]: dst mac=00:1e:65:15:fc:02, dst ip=192.168.0.2, arp hit
[DEBUG] [controller]: EVENT ofp_event->Simple EventOFPPacketIn
[INFO] [controller]: packet in 235777741242690 00:1e:65:15:fc:01 ff:ff:ff:ff:ff:ff 1
[INFO] [controller]: dst mac=00:1e:65:15:fc:02, dst ip=192.168.0.2, arp hit
[DEBUG] [controller]: EVENT ofp_event->Simple EventOFPPacketIn
[INFO] [controller]: packet in 235777741242690 00:1e:65:15:fc:01 ff:ff:ff:ff:ff:ff 1
[INFO] [controller]: dst mac=00:1e:65:15:fc:02, dst ip=192.168.0.2, arp hit
[DEBUG] [controller]: EVENT ofp_event->Simple EventOFPPacketIn
[INFO] [controller]: packet in 235777741242690 00:1e:65:15:fc:01 ff:ff:ff:ff:ff:ff 1
[INFO] [controller]: dst mac=00:1e:65:15:fc:02, dst ip=192.168.0.2, arp hit
[DEBUG] [controller]: EVENT ofp_event->Simple EventOFPPacketIn
[INFO] [controller]: packet in 235777741242690 00:1e:65:15:fc:01 ff:ff:ff:ff:ff:ff 1
[INFO] [controller]: dst mac=00:1e:65:15:fc:02, dst ip=192.168.0.2, arp hit
[DEBUG] [controller]: EVENT ofp_event->Simple EventOFPPacketIn
[INFO] [controller]: packet in 235777741242690 00:1e:65:15:fc:01 ff:ff:ff:ff:ff:ff 1
[INFO] [controller]: dst mac=00:1e:65:15:fc:02, dst ip=192.168.0.2, arp hit
[DEBUG] [controller]: EVENT ofp_event->Simple EventOFPPacketIn
[INFO] [controller]: packet in 235777741242690 00:1e:65:15:fc:01 ff:ff:ff:ff:ff:ff 1
[INFO] [controller]: dst mac=00:1e:65:15:fc:02, dst ip=192.168.0.2, arp hit
[DEBUG] [controller]: EVENT ofp_event->Simple EventOFPPacketIn
[INFO] [controller]: packet in 235777741242690 00:1e:65:15:fc:01 ff:ff:ff:ff:ff:ff 1
[INFO] [controller]: dst mac=00:1e:65:15:fc:02, dst ip=192.168.0.2, arp hit
[DEBUG] [controller]: EVENT ofp_event->Simple EventOFPPacketIn
[INFO] [controller]: packet in 235777741242690 00:1e:65:15:fc:01 ff:ff:ff:ff:ff:ff 1
[INFO] [controller]: dst mac=00:1e:65:15:fc:02, dst ip=192.168.0.2, arp hit
[DEBUG] [controller]: EVENT ofp_event->Simple EventOFPPacketIn
[INFO] [controller]: packet in 235777741242690 00:1e:65:15:fc:01 ff:ff:ff:ff:ff:ff 1
[INFO] [controller]: dst mac=00:1e:65:15:fc:02, dst ip=192.168.0.2, arp hit
[DEBUG] [controller]: EVENT ofp_event->Simple EventOFPPacketIn
[INFO] [controller]: packet in 235777741242690 00:1e:65:15:fc:01 ff:ff:ff:ff:ff:ff 1
[INFO] [controller]: dst mac=00:1e:65:15:fc:02, dst ip=192.168.0.2, arp hit
[DEBUG] [controller]: EVENT ofp_event->Simple EventOFPPacketIn
[INFO] [controller]: packet in 235777741242690 00:1e:65:15:fc:01 ff:ff:ff:ff:ff:ff 1
[INFO] [controller]: dst mac=00:1e:65:15:fc:02, dst ip=192.168.0.2, arp hit
[DEBUG] [controller]: EVENT ofp_event->Simple EventOFPPacketIn
[INFO] [controller]: packet in 235777741242690 00:1e:65:15:fc:01 ff:ff:ff:ff:ff:ff 1
[INFO] [controller]: dst mac=00:1e:65:15:fc:02, dst ip=192.168.0.2, arp hit
[DEBUG] [controller]: EVENT ofp_event->Simple EventOFPPacketIn
[INFO] [controller]: packet in 235777741242690 00:1e:65:15:fc:01 ff:ff:ff:ff:ff:ff 1
[INFO] [controller]: dst mac=00:1e:65:15:fc:02, dst ip=192.168.0.2, arp hit
[DEBUG] [controller]: EVENT ofp_event->Simple EventOFPPacketIn
[INFO] [controller]: packet in 235777741242690 00:1e:65:15:fc:01 ff:ff:ff:ff:ff:ff 1
[INFO] [controller]: dst mac=00:1e:65:15:fc:02, dst ip=192.168.0.2, arp hit
[DEBUG] [controller]: EVENT ofp_event->Simple EventOFPPacketIn
[INFO] [controller]: packet in 235777741242690 00:1e:65:15:fc:01 ff:ff:ff:ff:ff:ff 1
[INFO] [controller]: dst mac=00:1e:65:15:fc:02, dst ip=192.168.0.2, arp hit
[DEBUG] [controller]: EVENT ofp_event->Simple EventOFPPacketIn
[INFO] [controller]: packet in 235777741242690 00:1e:65:15:fc:01 ff:ff:ff:ff:ff:ff 1
[INFO] [controller]: dst mac=00:1e:65:15:fc:02, dst ip=192.168.0.2, arp hit
[DEBUG] [controller]: EVENT ofp_event->Simple EventOFPPacketIn
[INFO] [controller]: packet in 235777741242690 00:1e:65:15:fc:01 ff:ff:ff:ff:ff:ff 1
[INFO] [controller]: dst mac=00:1e:65:15:fc:02, dst ip=192.168.0.2, arp hit
[DEBUG] [controller]: EVENT ofp_event->Simple EventOFPPacketIn
[INFO] [controller]: packet in 235777741242690 00:1e:65:15:fc:01 ff:ff:ff:ff:ff:ff 1
[INFO] [controller]: dst mac=00:1e:65:15:fc:02, dst ip=192.168.0.2, arp hit
[DEBUG] [controller]: EVENT ofp_event->Simple EventOFPPacketIn
[INFO] [controller]: packet in 235777741242690 00:1e:65:15:fc:01 ff:ff:ff:ff:ff:ff 1
[INFO] [controller]: dst mac=00:1e:65:15:fc:02, dst ip=192.168.0.2, arp hit
[DEBUG] [controller]: EVENT ofp_event->Simple EventOFPPacketIn
[INFO] [controller]: packet in 235777741242690 00:1e:65:15:fc:01 ff:ff:ff:ff:ff:ff 1
[INFO] [controller]: dst mac=00:1e:65:15:fc:02, dst ip=192.168.0.2, arp hit
[DEBUG] [controller]: EVENT ofp_event->Simple EventOFPPacketIn
[INFO] [controller]: packet in 235777741242690 00:1e:65:15:fc:01 ff:ff:ff:ff:ff:ff 1
[INFO] [controller]: dst mac=00:1e:65:15:fc:02, dst ip=192.168.0.2, arp hit
[DEBUG] [controller]: EVENT ofp_event->Simple EventOFPPacketIn
[INFO] [controller]: packet in 235777741242690 00:1e:65:15:fc:01 ff:ff:ff:ff:ff:ff 1
[INFO] [controller]: dst mac=00:1e:65:15:fc:02, dst ip=192.168.0.2, arp hit
[DEBUG] [controller]: EVENT ofp_event->Simple EventOFPPacketIn
[INFO] [controller]: packet in 235777741242690 00:1e:65:15:fc:01 ff:ff:ff:ff:ff:ff 1
[INFO] [controller]: dst mac=00:1e:65:15:fc:02, dst ip=192.168.0.2, arp hit
[DEBUG] [controller]: EVENT ofp_event->Simple EventOFPPacketIn
[INFO] [controller]: packet in 235777741242690 00:1e:65:15:fc:01 ff:ff:ff:ff:ff:ff 1
[INFO] [controller]: dst mac=00:1e:65:15:fc:02, dst ip=192.168.0.2, arp hit
[DEBUG] [controller]: EVENT ofp_event->Simple EventOFPPacketIn
[INFO] [controller]: packet in 235777741242690 00:1e:65:15:fc:01 ff:ff:ff:ff:ff:ff 1
[INFO] [controller]: dst mac=00:1e:65:15:fc:02, dst ip=192.168.0.2, arp hit
[DEBUG] [controller]: EVENT ofp_event->Simple EventOFPPacketIn
[INFO] [controller]: packet in 235777741242690 00:1e:65:15:fc:01 ff:ff:ff:ff:ff:ff 1
[INFO] [controller]: dst mac=00:1e:65:15:fc:02, dst ip=192.168.0.2, arp hit
[DEBUG] [controller]: EVENT ofp_event->Simple EventOFPPacketIn
[INFO] [controller]: packet in 235777741242690 00:1e:65:15:fc:01 ff:ff:ff:ff:ff:ff 1
[INFO] [controller]: dst mac=00:1e:65:15:fc:02, dst ip=192.168.0.2, arp hit
[DEBUG] [controller]: EVENT ofp_event->Simple EventOFPPacketIn
[INFO] [controller]: packet in 235777741242690 00:1e:65:15:fc:01 ff:ff:ff:ff:ff:ff 1
[INFO] [controller]: dst mac=00:1e:65:15:fc:02, dst ip=192.168.0.2, arp hit
[DEBUG] [controller]: EVENT ofp_event->Simple EventOFPPacketIn
[INFO] [controller]: packet in 235777741242690 00:1e:65:15:fc:01 ff:ff:ff:ff:ff:ff 1
[INFO] [controller]: dst mac=00:1e:65:15:fc:02, dst ip=192.168.0.2, arp hit
[DEBUG] [controller]: EVENT ofp_event->Simple EventOFPPacketIn
[INFO] [controller]: packet in 235777741242690 00:1e:65:15:fc:01 ff:ff:ff:ff:ff:ff 1
[INFO] [controller]: dst mac=00:1e:65:15:fc:02, dst ip=192.168.0.2, arp hit
[DEBUG] [controller]: EVENT ofp_event->Simple EventOFPPacketIn
[INFO] [controller]: packet in 235777741242690 00:1e:65:15:fc:01 ff:ff:ff:ff:ff:ff 1
[INFO] [controller]: dst mac=00:1e:65:15:fc:02, dst ip=192.168.0.2, arp hit
[DEBUG] [controller]: EVENT ofp_event->Simple EventOFPPacketIn
[INFO] [controller]: packet in 235777741242690 00:1e:65:15:fc:01 ff:ff:ff:ff:ff:ff 1
[INFO] [controller]: dst mac=00:1e:65:15:fc:02, dst ip=192.168.0.2, arp hit
[DEBUG] [controller]: EVENT ofp_event->Simple EventOFPPacketIn
[INFO] [controller]: packet in 235777741242690 00:1e:65:15:fc:01 ff:ff:ff:ff:ff:ff 1
[INFO] [controller]: dst mac=00:1e:65:15:fc:02, dst ip=192.168.0.2, arp hit
[DEBUG] [controller]: EVENT ofp_event->Simple EventOFPPacketIn
[INFO] [controller]: packet in 235777741242690 00:1e:65:15:fc:01 ff:ff:ff:ff:ff:ff 1
[INFO] [controller]: dst mac=00:1e:65:15:fc:02, dst ip=192.168.0.2, arp hit
[INFO] [controller]: loading app ryu_test.py
[INFO] [controller]: loading app ryu.controller.ofp_handler
[INFO] [controller]: instantiating app ryu_test.py of Simple
[INFO] [controller]: instantiating app ryu.controller.ofp_handler of OFPHandler
[DEBUG] [controller]: BRICK Simple
[DEBUG] [controller]:   CONSUMES EventOFPSwitchFeatures
[DEBUG] [controller]:   CONSUMES EventOFPPacketIn
[DEBUG] [controller]: BRICK ofp_event
[DEBUG] [controller]:   PROVIDES EventOFPSwitchFeatures TO {'Simple': set(['config'])}
[DEBUG] [controller]:   PROVIDES EventOFPPacketIn TO {'Simple': set(['main'])}
[DEBUG] [controller]:   CONSUMES EventOFPErrorMsg
[DEBUG] [controller]:   CONSUMES EventOFPHello
[DEBUG] [controller]:   CONSUMES EventOFPSwitchFeatures
[DEBUG] [controller]:   CONSUMES EventOFPPortDescStatsReply
[DEBUG] [controller]:   CONSUMES EventOFPEchoRequest
[DEBUG] [controller]: connected socket:<eventlet.greenio.GreenSocket object at 0x3336ad0> address:('127.0.0.1', 39578)
[DEBUG] [controller]: connected socket:<eventlet.greenio.GreenSocket object at 0x3336b90> address:('127.0.0.1', 39579)
[DEBUG] [controller]: hello ev <ryu.controller.ofp_event.EventOFPHello object at 0x3336e90>
[ERROR] [controller]: unsupported version 0x1. If possible, set the switch to use one of the versions [4]
[DEBUG] [controller]: error msg ev version: 0x4 msg_type 0x1 xid 0xb9f58a15 OFPErrorMsg(code=1,data='\x04\x01\x00_\xb9\xf5\x8a\x15\x00\x00\x00\x00unsupported version 0x1. If possible, set the switch',type=1) type 0x1 code 0x1 0x4 0x1 0x0 0x5f 0xb9 0xf5 0x8a 0x15 0x0 0x0 0x0 0x0 0x75 0x6e 0x73 0x75 0x70 0x70 0x6f 0x72 0x74 0x65 0x64 0x20 0x76 0x65 0x72 0x73 0x69 0x6f 0x6e 0x20 0x30 0x78 0x31 0x2e 0x20 0x49 0x66 0x20 0x70 0x6f 0x73 0x73 0x69 0x62 0x6c 0x65 0x2c 0x20 0x73 0x65 0x74 0x20 0x74 0x68 0x65 0x20 0x73 0x77 0x69 0x74 0x63 0x68
[DEBUG] [controller]: connected socket:<eventlet.greenio.GreenSocket object at 0x3336890> address:('127.0.0.1', 39580)
[DEBUG] [controller]: hello ev <ryu.controller.ofp_event.EventOFPHello object at 0x3336ed0>
[DEBUG] [controller]: move onto config mode
[DEBUG] [controller]: EVENT ofp_event->Simple EventOFPSwitchFeatures
[DEBUG] [controller]: switch features ev version: 0x4 msg_type 0x6 xid 0x98c674fb OFPSwitchFeatures(auxiliary_id=0,capabilities=71,datapath_id=222587114115917,n_buffers=256,n_tables=254)
[DEBUG] [controller]: move onto main mode
[DEBUG] [controller]: EVENT ofp_event->Simple EventOFPPacketIn
[INFO] [controller]: packet in 222587114115917 ca:71:19:de:53:4d 33:33:ff:34:e9:0a 4294967294
[INFO] [controller]: other

[DEBUG] [controller]: EVENT ofp_event->Simple EventOFPPacketIn
[DEBUG] [controller]: EVENT ofp_event->Simple EventOFPPacketIn
[INFO] [controller]: packet in 222587114115917 00:1e:65:15:fc:01 33:33:00:00:00:16 1
[INFO] [controller]: other

[INFO] [controller]: packet in 222587114115917 00:1e:65:15:fc:01 33:33:00:00:00:02 1
[INFO] [controller]: other

[DEBUG] [controller]: EVENT ofp_event->Simple EventOFPPacketIn
[INFO] [controller]: packet in 222587114115917 ca:71:19:de:53:4d 33:33:00:00:00:16 4294967294
[INFO] [controller]: other

[DEBUG] [controller]: EVENT ofp_event->Simple EventOFPPacketIn
[DEBUG] [controller]: EVENT ofp_event->Simple EventOFPPacketIn
[INFO] [controller]: packet in 222587114115917 00:1e:65:15:fc:02 33:33:00:00:00:16 2
[INFO] [controller]: other

[INFO] [controller]: packet in 222587114115917 00:1e:65:15:fc:02 33:33:00:00:00:02 2
[INFO] [controller]: other

[DEBUG] [controller]: EVENT ofp_event->Simple EventOFPPacketIn
[DEBUG] [controller]: EVENT ofp_event->Simple EventOFPPacketIn
[INFO] [controller]: packet in 222587114115917 ca:71:19:de:53:4d 33:33:00:00:00:16 4294967294
[INFO] [controller]: other

[INFO] [controller]: packet in 222587114115917 ca:71:19:de:53:4d 33:33:00:00:00:02 4294967294
[INFO] [controller]: other

[DEBUG] [controller]: EVENT ofp_event->Simple EventOFPPacketIn
[INFO] [controller]: packet in 222587114115917 00:1e:65:15:fc:01 33:33:00:00:00:16 1
[INFO] [controller]: other

[DEBUG] [controller]: EVENT ofp_event->Simple EventOFPPacketIn
[INFO] [controller]: packet in 222587114115917 00:1e:65:15:fc:01 33:33:00:00:00:02 1
[INFO] [controller]: other

[DEBUG] [controller]: EVENT ofp_event->Simple EventOFPPacketIn
[INFO] [controller]: packet in 222587114115917 00:1e:65:15:fc:02 33:33:00:00:00:02 2
[INFO] [controller]: other

[DEBUG] [controller]: EVENT ofp_event->Simple EventOFPPacketIn
[INFO] [controller]: packet in 222587114115917 ca:71:19:de:53:4d 33:33:00:00:00:02 4294967294
[INFO] [controller]: other

[DEBUG] [controller]: EVENT ofp_event->Simple EventOFPPacketIn
[INFO] [controller]: packet in 222587114115917 ca:71:19:de:53:4d 33:33:00:00:00:16 4294967294
[INFO] [controller]: other

[DEBUG] [controller]: EVENT ofp_event->Simple EventOFPPacketIn
[INFO] [controller]: packet in 222587114115917 00:1e:65:15:fc:01 33:33:00:00:00:16 1
[INFO] [controller]: other

[DEBUG] [controller]: EVENT ofp_event->Simple EventOFPPacketIn
[INFO] [controller]: packet in 222587114115917 00:1e:65:15:fc:02 33:33:00:00:00:16 2
[INFO] [controller]: other

[DEBUG] [controller]: EVENT ofp_event->Simple EventOFPPacketIn
[INFO] [controller]: packet in 222587114115917 00:1e:65:15:fc:02 33:33:00:00:00:16 2
[INFO] [controller]: other

[DEBUG] [controller]: EVENT ofp_event->Simple EventOFPPacketIn
[INFO] [controller]: packet in 222587114115917 00:1e:65:15:fc:01 33:33:00:00:00:02 1
[INFO] [controller]: other

[DEBUG] [controller]: EVENT ofp_event->Simple EventOFPPacketIn
[INFO] [controller]: packet in 222587114115917 00:1e:65:15:fc:02 33:33:00:00:00:02 2
[INFO] [controller]: other

[DEBUG] [controller]: EVENT ofp_event->Simple EventOFPPacketIn
[INFO] [controller]: packet in 222587114115917 ca:71:19:de:53:4d 33:33:00:00:00:02 4294967294
[INFO] [controller]: other

[DEBUG] [controller]: EVENT ofp_event->Simple EventOFPPacketIn
[INFO] [controller]: packet in 222587114115917 00:1e:65:15:fc:01 ff:ff:ff:ff:ff:ff 1
[INFO] [controller]: dst mac=00:1e:65:15:fc:02, dst ip=192.168.0.2, arp hit
[INFO] [controller]: send arp pkt:
ethernet(dst='00:1e:65:15:fc:01',ethertype=2054,src='00:1e:65:15:fc:02'), arp(dst_ip='192.168.0.1',dst_mac='00:1e:65:15:fc:01',hlen=6,hwtype=1,opcode=2,plen=4,proto=2048,src_ip='192.168.0.2',src_mac='00:1e:65:15:fc:02')
[DEBUG] [controller]: EVENT ofp_event->Simple EventOFPPacketIn
[INFO] [controller]: packet in 222587114115917 00:1e:65:15:fc:01 00:1e:65:15:fc:02 1
[INFO] [controller]: other

[DEBUG] [controller]: EVENT ofp_event->Simple EventOFPPacketIn
[INFO] [controller]: packet in 222587114115917 00:1e:65:15:fc:01 00:1e:65:15:fc:02 1
[INFO] [controller]: other

[DEBUG] [controller]: EVENT ofp_event->Simple EventOFPPacketIn
[INFO] [controller]: packet in 222587114115917 00:1e:65:15:fc:01 00:1e:65:15:fc:02 1
[INFO] [controller]: other

[DEBUG] [controller]: EVENT ofp_event->Simple EventOFPPacketIn
[INFO] [controller]: packet in 222587114115917 00:1e:65:15:fc:01 00:1e:65:15:fc:02 1
[INFO] [controller]: other

[DEBUG] [controller]: EVENT ofp_event->Simple EventOFPPacketIn
[INFO] [controller]: packet in 222587114115917 00:1e:65:15:fc:01 00:1e:65:15:fc:02 1
[INFO] [controller]: other

[DEBUG] [controller]: EVENT ofp_event->Simple EventOFPPacketIn
[INFO] [controller]: packet in 222587114115917 00:1e:65:15:fc:01 00:1e:65:15:fc:02 1
[INFO] [controller]: other

[DEBUG] [controller]: EVENT ofp_event->Simple EventOFPPacketIn
[INFO] [controller]: packet in 222587114115917 00:1e:65:15:fc:01 00:1e:65:15:fc:02 1
[INFO] [controller]: other

[DEBUG] [controller]: EVENT ofp_event->Simple EventOFPPacketIn
[INFO] [controller]: packet in 222587114115917 00:1e:65:15:fc:01 00:1e:65:15:fc:02 1
[INFO] [controller]: other

[DEBUG] [controller]: EVENT ofp_event->Simple EventOFPPacketIn
[INFO] [controller]: packet in 222587114115917 00:1e:65:15:fc:01 00:1e:65:15:fc:02 1
[INFO] [controller]: other

[DEBUG] [controller]: EVENT ofp_event->Simple EventOFPPacketIn
[INFO] [controller]: packet in 222587114115917 00:1e:65:15:fc:01 00:1e:65:15:fc:02 1
[INFO] [controller]: other

[DEBUG] [controller]: EVENT ofp_event->Simple EventOFPPacketIn
[INFO] [controller]: packet in 222587114115917 00:1e:65:15:fc:01 00:1e:65:15:fc:02 1
[INFO] [controller]: other

[DEBUG] [controller]: EVENT ofp_event->Simple EventOFPPacketIn
[INFO] [controller]: packet in 222587114115917 00:1e:65:15:fc:01 00:1e:65:15:fc:02 1
[INFO] [controller]: other

[DEBUG] [controller]: EVENT ofp_event->Simple EventOFPPacketIn
[INFO] [controller]: packet in 222587114115917 00:1e:65:15:fc:01 00:1e:65:15:fc:02 1
[INFO] [controller]: other

[DEBUG] [controller]: EVENT ofp_event->Simple EventOFPPacketIn
[INFO] [controller]: packet in 222587114115917 00:1e:65:15:fc:01 00:1e:65:15:fc:02 1
[INFO] [controller]: other

[DEBUG] [controller]: EVENT ofp_event->Simple EventOFPPacketIn
[INFO] [controller]: packet in 222587114115917 00:1e:65:15:fc:01 00:1e:65:15:fc:02 1
[INFO] [controller]: other

[DEBUG] [controller]: EVENT ofp_event->Simple EventOFPPacketIn
[INFO] [controller]: packet in 222587114115917 00:1e:65:15:fc:01 00:1e:65:15:fc:02 1
[INFO] [controller]: other

[DEBUG] [controller]: EVENT ofp_event->Simple EventOFPPacketIn
[INFO] [controller]: packet in 222587114115917 00:1e:65:15:fc:01 00:1e:65:15:fc:02 1
[INFO] [controller]: other

[DEBUG] [controller]: EVENT ofp_event->Simple EventOFPPacketIn
[INFO] [controller]: packet in 222587114115917 00:1e:65:15:fc:01 00:1e:65:15:fc:02 1
[INFO] [controller]: other

[DEBUG] [controller]: EVENT ofp_event->Simple EventOFPPacketIn
[INFO] [controller]: packet in 222587114115917 00:1e:65:15:fc:01 00:1e:65:15:fc:02 1
[INFO] [controller]: other

[DEBUG] [controller]: EVENT ofp_event->Simple EventOFPPacketIn
[INFO] [controller]: packet in 222587114115917 00:1e:65:15:fc:01 00:1e:65:15:fc:02 1
[INFO] [controller]: other

[DEBUG] [controller]: EVENT ofp_event->Simple EventOFPPacketIn
[INFO] [controller]: packet in 222587114115917 00:1e:65:15:fc:01 00:1e:65:15:fc:02 1
[INFO] [controller]: other

[DEBUG] [controller]: EVENT ofp_event->Simple EventOFPPacketIn
[INFO] [controller]: packet in 222587114115917 00:1e:65:15:fc:01 00:1e:65:15:fc:02 1
[INFO] [controller]: other

[DEBUG] [controller]: EVENT ofp_event->Simple EventOFPPacketIn
[INFO] [controller]: packet in 222587114115917 00:1e:65:15:fc:01 00:1e:65:15:fc:02 1
[INFO] [controller]: other

[DEBUG] [controller]: EVENT ofp_event->Simple EventOFPPacketIn
[INFO] [controller]: packet in 222587114115917 00:1e:65:15:fc:01 00:1e:65:15:fc:02 1
[INFO] [controller]: other

[DEBUG] [controller]: EVENT ofp_event->Simple EventOFPPacketIn
[INFO] [controller]: packet in 222587114115917 00:1e:65:15:fc:01 00:1e:65:15:fc:02 1
[INFO] [controller]: other

[DEBUG] [controller]: EVENT ofp_event->Simple EventOFPPacketIn
[INFO] [controller]: packet in 222587114115917 00:1e:65:15:fc:01 00:1e:65:15:fc:02 1
[INFO] [controller]: other

[DEBUG] [controller]: EVENT ofp_event->Simple EventOFPPacketIn
[INFO] [controller]: packet in 222587114115917 00:1e:65:15:fc:01 00:1e:65:15:fc:02 1
[INFO] [controller]: other

[DEBUG] [controller]: EVENT ofp_event->Simple EventOFPPacketIn
[INFO] [controller]: packet in 222587114115917 00:1e:65:15:fc:01 00:1e:65:15:fc:02 1
[INFO] [controller]: other

[DEBUG] [controller]: EVENT ofp_event->Simple EventOFPPacketIn
[INFO] [controller]: packet in 222587114115917 00:1e:65:15:fc:01 00:1e:65:15:fc:02 1
[INFO] [controller]: other

[DEBUG] [controller]: connected socket:<eventlet.greenio.GreenSocket object at 0x3336e10> address:('127.0.0.1', 39652)
[DEBUG] [controller]: hello ev <ryu.controller.ofp_event.EventOFPHello object at 0x333e390>
[ERROR] [controller]: unsupported version 0x1. If possible, set the switch to use one of the versions [4]
[DEBUG] [controller]: error msg ev version: 0x4 msg_type 0x1 xid 0x39b47185 OFPErrorMsg(code=1,data='\x04\x01\x00_9\xb4q\x85\x00\x00\x00\x00unsupported version 0x1. If possible, set the switch',type=1) type 0x1 code 0x1 0x4 0x1 0x0 0x5f 0x39 0xb4 0x71 0x85 0x0 0x0 0x0 0x0 0x75 0x6e 0x73 0x75 0x70 0x70 0x6f 0x72 0x74 0x65 0x64 0x20 0x76 0x65 0x72 0x73 0x69 0x6f 0x6e 0x20 0x30 0x78 0x31 0x2e 0x20 0x49 0x66 0x20 0x70 0x6f 0x73 0x73 0x69 0x62 0x6c 0x65 0x2c 0x20 0x73 0x65 0x74 0x20 0x74 0x68 0x65 0x20 0x73 0x77 0x69 0x74 0x63 0x68
